2025-06-28 21:58:30 - outlook_cli.cli - INFO - Starting read command for folder: NonExistentFolder
2025-06-28 21:58:30 - outlook_cli.cli - ERROR - Error in reading emails: Folder 'NonExistentFolder' not found
2025-06-28 21:58:36 - outlook_cli.cli - INFO - Starting read command for folder: Inbox
2025-06-28 21:58:36 - outlook_cli.cli - INFO - Successfully retrieved 3 emails from Inbox
2025-06-28 21:58:41 - outlook_cli.cli - INFO - Starting find command with sender=invalid, subject=None, folder=Inbox
2025-06-28 21:59:03 - outlook_cli.cli - INFO - Starting read command for folder: InvalidFolder
2025-06-28 21:59:03 - outlook_cli.cli - ERROR - Error in reading emails: Folder 'InvalidFolder' not found
2025-06-28 21:59:03 - outlook_cli.cli - INFO - Starting read command for folder: Inbox
2025-06-28 21:59:03 - outlook_cli.cli - INFO - Successfully retrieved 3 emails from Inbox
2025-06-28 21:59:03 - outlook_cli.cli - INFO - Starting find command with sender=None, subject=None, folder=Inbox
2025-06-28 21:59:03 - outlook_cli.cli - INFO - Starting move command: email_id=invalid-id, target_folder=Inbox
2025-06-28 21:59:03 - outlook_cli.cli - ERROR - Error in moving email: Email 'invalid-id' not found
2025-06-28 21:59:31 - outlook_cli.cli - INFO - Starting read command for folder: Sent Items
2025-06-28 21:59:31 - outlook_cli.cli - INFO - Successfully retrieved 2 emails from Sent Items
2025-06-28 21:59:31 - outlook_cli.cli - INFO - Starting find command with sender=manager, subject=meeting, folder=Inbox
2025-06-28 21:59:31 - outlook_cli.cli - INFO - Starting read command for folder: Inbox
2025-06-28 21:59:31 - outlook_cli.cli - INFO - Successfully retrieved 3 emails from Inbox
2025-06-28 21:59:31 - outlook_cli.cli - INFO - Starting read command for folder: Sent Items
2025-06-28 21:59:31 - outlook_cli.cli - INFO - Successfully retrieved 2 emails from Sent Items
2025-06-28 21:59:31 - outlook_cli.cli - INFO - Starting read command for folder: NonExistentFolder
2025-06-28 21:59:31 - outlook_cli.cli - ERROR - Error in reading emails: Folder 'NonExistentFolder' not found
2025-06-28 21:59:31 - outlook_cli.cli - INFO - Starting read command for folder: Inbox
2025-06-28 21:59:31 - outlook_cli.cli - INFO - Successfully retrieved 3 emails from Inbox
2025-06-28 21:59:31 - outlook_cli.cli - INFO - Starting read command for folder: EmptyFolder
2025-06-28 21:59:31 - outlook_cli.cli - ERROR - Error in reading emails: Folder 'EmptyFolder' not found
2025-06-28 21:59:31 - outlook_cli.cli - INFO - Starting read command for folder: Inbox
2025-06-28 21:59:31 - outlook_cli.cli - INFO - Successfully retrieved 3 emails from Inbox
2025-06-28 21:59:31 - outlook_cli.cli - INFO - Starting read command for folder: Sent Items
2025-06-28 21:59:31 - outlook_cli.cli - INFO - Successfully retrieved 2 emails from Sent Items
2025-06-28 21:59:31 - outlook_cli.cli - INFO - Starting read command for folder: Drafts
2025-06-28 21:59:31 - outlook_cli.cli - INFO - Successfully retrieved 1 emails from Drafts
2025-06-28 21:59:31 - outlook_cli.cli - INFO - Starting find command with sender=manager, subject=None, folder=Inbox
2025-06-28 21:59:31 - outlook_cli.cli - INFO - Starting find command with sender=None, subject=project, folder=Inbox
2025-06-28 21:59:31 - outlook_cli.cli - INFO - Starting find command with sender=pm, subject=update, folder=Inbox
2025-06-28 21:59:31 - outlook_cli.cli - INFO - Starting find command with sender=user, subject=None, folder=Sent Items
2025-06-28 21:59:31 - outlook_cli.cli - INFO - Starting find command with sender=nonexistent@example.com, subject=None, folder=Inbox
2025-06-28 21:59:31 - outlook_cli.cli - INFO - Starting find command with sender=test, subject=None, folder=NonExistentFolder
2025-06-28 21:59:31 - outlook_cli.cli - ERROR - Error in searching emails: Folder 'NonExistentFolder' not found
2025-06-28 21:59:31 - outlook_cli.cli - INFO - Starting find command with sender=None, subject=None, folder=Inbox
2025-06-28 21:59:31 - outlook_cli.cli - INFO - Starting move command: email_id=inbox-001, target_folder=Drafts
2025-06-28 21:59:31 - outlook_cli.cli - INFO - Starting move command: email_id=nonexistent, target_folder=Drafts
2025-06-28 21:59:31 - outlook_cli.cli - ERROR - Error in moving email: Email 'nonexistent' not found
2025-06-28 21:59:31 - outlook_cli.cli - INFO - Starting move command: email_id=inbox-001, target_folder=BadFolder
2025-06-28 21:59:31 - outlook_cli.cli - ERROR - Error in moving email: Target folder 'BadFolder' not found
2025-06-28 21:59:31 - outlook_cli.cli - INFO - Starting move command: email_id=inbox-001, target_folder=Custom/Archive
2025-06-28 21:59:31 - outlook_cli.cli - INFO - Starting move command: email_id=inbox-002, target_folder=Sent Items
2025-06-28 21:59:31 - outlook_cli.cli - INFO - Starting move command: email_id=sent-001, target_folder=Custom/Projects
2025-06-28 21:59:31 - outlook_cli.cli - INFO - Starting move command: email_id=invalid-id, target_folder=Drafts
2025-06-28 21:59:31 - outlook_cli.cli - ERROR - Error in moving email: Email 'invalid-id' not found
2025-06-28 21:59:58 - outlook_cli.cli - INFO - Starting read command for folder: Sent Items
2025-06-28 21:59:58 - outlook_cli.cli - INFO - Successfully retrieved 2 emails from Sent Items
2025-06-28 21:59:58 - outlook_cli.cli - INFO - Starting find command with sender=manager, subject=meeting, folder=Inbox
2025-06-28 21:59:58 - outlook_cli.cli - INFO - Starting read command for folder: Inbox
2025-06-28 21:59:58 - outlook_cli.cli - INFO - Successfully retrieved 3 emails from Inbox
2025-06-28 21:59:58 - outlook_cli.cli - INFO - Starting read command for folder: Sent Items
2025-06-28 21:59:58 - outlook_cli.cli - INFO - Successfully retrieved 2 emails from Sent Items
2025-06-28 21:59:58 - outlook_cli.cli - INFO - Starting read command for folder: NonExistentFolder
2025-06-28 21:59:58 - outlook_cli.cli - ERROR - Error in reading emails: Folder 'NonExistentFolder' not found
2025-06-28 21:59:59 - outlook_cli.cli - INFO - Starting read command for folder: Inbox
2025-06-28 21:59:59 - outlook_cli.cli - INFO - Successfully retrieved 3 emails from Inbox
2025-06-28 21:59:59 - outlook_cli.cli - INFO - Starting read command for folder: EmptyFolder
2025-06-28 21:59:59 - outlook_cli.cli - ERROR - Error in reading emails: Folder 'EmptyFolder' not found
2025-06-28 21:59:59 - outlook_cli.cli - INFO - Starting read command for folder: Inbox
2025-06-28 21:59:59 - outlook_cli.cli - INFO - Successfully retrieved 3 emails from Inbox
2025-06-28 21:59:59 - outlook_cli.cli - INFO - Starting read command for folder: Sent Items
2025-06-28 21:59:59 - outlook_cli.cli - INFO - Successfully retrieved 2 emails from Sent Items
2025-06-28 21:59:59 - outlook_cli.cli - INFO - Starting read command for folder: Drafts
2025-06-28 21:59:59 - outlook_cli.cli - INFO - Successfully retrieved 1 emails from Drafts
2025-06-28 21:59:59 - outlook_cli.cli - INFO - Starting find command with sender=manager, subject=None, folder=Inbox
2025-06-28 21:59:59 - outlook_cli.cli - INFO - Starting find command with sender=None, subject=project, folder=Inbox
2025-06-28 21:59:59 - outlook_cli.cli - INFO - Starting find command with sender=pm, subject=update, folder=Inbox
2025-06-28 21:59:59 - outlook_cli.cli - INFO - Starting find command with sender=user, subject=None, folder=Sent Items
2025-06-28 21:59:59 - outlook_cli.cli - INFO - Starting find command with sender=nonexistent@example.com, subject=None, folder=Inbox
2025-06-28 21:59:59 - outlook_cli.cli - INFO - Starting find command with sender=test, subject=None, folder=NonExistentFolder
2025-06-28 21:59:59 - outlook_cli.cli - ERROR - Error in searching emails: Folder 'NonExistentFolder' not found
2025-06-28 21:59:59 - outlook_cli.cli - INFO - Starting find command with sender=None, subject=None, folder=Inbox
2025-06-28 21:59:59 - outlook_cli.cli - INFO - Starting move command: email_id=inbox-001, target_folder=Drafts
2025-06-28 21:59:59 - outlook_cli.cli - INFO - Starting move command: email_id=nonexistent, target_folder=Drafts
2025-06-28 21:59:59 - outlook_cli.cli - ERROR - Error in moving email: Email 'nonexistent' not found
2025-06-28 21:59:59 - outlook_cli.cli - INFO - Starting move command: email_id=inbox-001, target_folder=BadFolder
2025-06-28 21:59:59 - outlook_cli.cli - ERROR - Error in moving email: Target folder 'BadFolder' not found
2025-06-28 21:59:59 - outlook_cli.cli - INFO - Starting move command: email_id=inbox-001, target_folder=Custom/Archive
2025-06-28 21:59:59 - outlook_cli.cli - INFO - Starting move command: email_id=inbox-002, target_folder=Sent Items
2025-06-28 21:59:59 - outlook_cli.cli - INFO - Starting move command: email_id=sent-001, target_folder=Custom/Projects
2025-06-28 21:59:59 - outlook_cli.cli - INFO - Starting move command: email_id=invalid-id, target_folder=Drafts
2025-06-28 21:59:59 - outlook_cli.cli - ERROR - Error in moving email: Email 'invalid-id' not found
2025-06-28 22:00:31 - outlook_cli.cli - INFO - Starting read command for folder: Sent Items
2025-06-28 22:00:31 - outlook_cli.cli - INFO - Successfully retrieved 2 emails from Sent Items
2025-06-28 22:00:31 - outlook_cli.cli - INFO - Starting find command with sender=manager, subject=meeting, folder=Inbox
2025-06-28 22:00:31 - outlook_cli.cli - INFO - Starting read command for folder: Inbox
2025-06-28 22:00:31 - outlook_cli.cli - INFO - Successfully retrieved 3 emails from Inbox
2025-06-28 22:00:31 - outlook_cli.cli - INFO - Starting read command for folder: Sent Items
2025-06-28 22:00:31 - outlook_cli.cli - INFO - Successfully retrieved 2 emails from Sent Items
2025-06-28 22:00:31 - outlook_cli.cli - INFO - Starting read command for folder: NonExistentFolder
2025-06-28 22:00:31 - outlook_cli.cli - ERROR - Error in reading emails: Folder 'NonExistentFolder' not found
2025-06-28 22:00:31 - outlook_cli.cli - INFO - Starting read command for folder: Inbox
2025-06-28 22:00:31 - outlook_cli.cli - INFO - Successfully retrieved 3 emails from Inbox
2025-06-28 22:00:31 - outlook_cli.cli - INFO - Starting read command for folder: EmptyFolder
2025-06-28 22:00:31 - outlook_cli.cli - ERROR - Error in reading emails: Folder 'EmptyFolder' not found
2025-06-28 22:00:31 - outlook_cli.cli - INFO - Starting read command for folder: Inbox
2025-06-28 22:00:31 - outlook_cli.cli - INFO - Successfully retrieved 3 emails from Inbox
2025-06-28 22:00:31 - outlook_cli.cli - INFO - Starting read command for folder: Sent Items
2025-06-28 22:00:31 - outlook_cli.cli - INFO - Successfully retrieved 2 emails from Sent Items
2025-06-28 22:00:31 - outlook_cli.cli - INFO - Starting read command for folder: Drafts
2025-06-28 22:00:31 - outlook_cli.cli - INFO - Successfully retrieved 1 emails from Drafts
2025-06-28 22:00:31 - outlook_cli.cli - INFO - Starting find command with sender=manager, subject=None, folder=Inbox
2025-06-28 22:00:31 - outlook_cli.cli - INFO - Starting find command with sender=None, subject=project, folder=Inbox
2025-06-28 22:00:31 - outlook_cli.cli - INFO - Starting find command with sender=pm, subject=update, folder=Inbox
2025-06-28 22:00:31 - outlook_cli.cli - INFO - Starting find command with sender=user, subject=None, folder=Sent Items
2025-06-28 22:00:31 - outlook_cli.cli - INFO - Starting find command with sender=nonexistent@example.com, subject=None, folder=Inbox
2025-06-28 22:00:31 - outlook_cli.cli - INFO - Starting find command with sender=test, subject=None, folder=NonExistentFolder
2025-06-28 22:00:31 - outlook_cli.cli - ERROR - Error in searching emails: Folder 'NonExistentFolder' not found
2025-06-28 22:00:31 - outlook_cli.cli - INFO - Starting find command with sender=None, subject=None, folder=Inbox
2025-06-28 22:00:31 - outlook_cli.cli - INFO - Starting move command: email_id=inbox-001, target_folder=Drafts
2025-06-28 22:00:31 - outlook_cli.cli - INFO - Starting move command: email_id=nonexistent, target_folder=Drafts
2025-06-28 22:00:31 - outlook_cli.cli - ERROR - Error in moving email: Email 'nonexistent' not found
2025-06-28 22:00:31 - outlook_cli.cli - INFO - Starting move command: email_id=inbox-001, target_folder=BadFolder
2025-06-28 22:00:31 - outlook_cli.cli - ERROR - Error in moving email: Target folder 'BadFolder' not found
2025-06-28 22:00:31 - outlook_cli.cli - INFO - Starting move command: email_id=inbox-001, target_folder=Custom/Archive
2025-06-28 22:00:31 - outlook_cli.cli - INFO - Starting move command: email_id=inbox-002, target_folder=Sent Items
2025-06-28 22:00:31 - outlook_cli.cli - INFO - Starting move command: email_id=sent-001, target_folder=Custom/Projects
2025-06-28 22:00:31 - outlook_cli.cli - INFO - Starting move command: email_id=invalid-id, target_folder=Drafts
2025-06-28 22:00:31 - outlook_cli.cli - ERROR - Error in moving email: Email 'invalid-id' not found
2025-06-28 22:00:31 - outlook_cli.cli - INFO - Starting open command for email_id: inbox-001
2025-06-28 22:00:31 - outlook_cli.cli - INFO - Starting open command for email_id: nonexistent-123
2025-06-28 22:00:31 - outlook_cli.cli - ERROR - Error in opening email: Email 'nonexistent-123' not found
2025-06-28 22:00:31 - outlook_cli.cli - INFO - Starting open command for email_id: inbox-001
2025-06-28 22:00:31 - outlook_cli.cli - INFO - Starting open command for email_id: sent-001
2025-06-28 22:00:31 - outlook_cli.cli - INFO - Starting open command for email_id: draft-001
2025-06-28 22:00:31 - outlook_cli.cli - INFO - Starting open command for email_id: nonexistent-999
2025-06-28 22:00:31 - outlook_cli.cli - ERROR - Error in opening email: Email 'nonexistent-999' not found
2025-06-28 22:00:31 - outlook_cli.cli - INFO - Starting open command for email_id: inbox-002
2025-06-28 22:00:31 - outlook_cli.utils.connection_monitor - WARNING - Connection check failed - connection is unhealthy
2025-06-28 22:00:31 - outlook_cli.utils.connection_monitor - ERROR - Connection check failed with exception: Connection failed
2025-06-28 22:00:31 - outlook_cli.utils.connection_monitor - INFO - Attempting reconnection (max 3 retries)
2025-06-28 22:00:31 - outlook_cli.utils.connection_monitor - INFO - Reconnection successful
2025-06-28 22:00:31 - outlook_cli.utils.connection_monitor - INFO - Attempting reconnection (max 2 retries)
2025-06-28 22:00:31 - outlook_cli.utils.connection_monitor - ERROR - All 2 reconnection attempts failed
2025-06-28 22:00:31 - outlook_cli.utils.connection_monitor - INFO - Attempting reconnection (max 1 retries)
2025-06-28 22:00:31 - outlook_cli.utils.connection_monitor - ERROR - All 1 reconnection attempts failed
2025-06-28 22:00:31 - outlook_cli.utils.connection_monitor - WARNING - Connection check failed - connection is unhealthy
2025-06-28 22:00:31 - outlook_cli.utils.connection_monitor - WARNING - Connection check failed - connection is unhealthy
2025-06-28 22:00:31 - outlook_cli.utils.connection_monitor - INFO - Attempting reconnection (max 1 retries)
2025-06-28 22:00:31 - outlook_cli.utils.connection_monitor - ERROR - All 1 reconnection attempts failed
2025-06-28 22:00:31 - outlook_cli.utils.connection_monitor - WARNING - Connection check failed - connection is unhealthy
2025-06-28 22:00:31 - outlook_cli.utils.connection_monitor - INFO - Attempting reconnection (max 3 retries)
2025-06-28 22:00:31 - outlook_cli.utils.connection_monitor - INFO - Reconnection successful
2025-06-28 22:00:31 - outlook_cli.utils.connection_monitor - WARNING - Connection error on attempt 1, retrying: Connection failed
2025-06-28 22:00:31 - outlook_cli.utils.connection_monitor - WARNING - Connection error on attempt 2, retrying: Connection failed
2025-06-28 22:00:31 - outlook_cli.utils.connection_monitor - WARNING - Connection error on attempt 1, retrying: Connection failed
2025-06-28 22:00:31 - outlook_cli.utils.connection_monitor - WARNING - Connection error on attempt 2, retrying: Connection failed
2025-06-28 22:00:31 - outlook_cli.utils.connection_monitor - ERROR - Function failed after 3 attempts
2025-06-28 22:01:02 - outlook_cli.cli - INFO - Starting read command for folder: InvalidFolder
2025-06-28 22:01:02 - outlook_cli.cli - ERROR - Error in reading emails: Folder 'InvalidFolder' not found
2025-06-28 22:01:02 - outlook_cli.cli - INFO - Starting read command for folder: Inbox
2025-06-28 22:01:02 - outlook_cli.cli - INFO - Successfully retrieved 3 emails from Inbox
